[2022-04-28 01:42:36] [info] Start Program:
Path:"D:\Sem_2\OOP\Laburi\Lab_10_11\x64\Debug\Lab_10_11.exe"
Arguments:
Working directory: "D:\Sem_2\OOP\Laburi\Lab_10_11\Lab_10_11\"
Modules: Selected: D:\Sem_2\OOP\Laburi\Lab_10_11\x64\Debug\Lab_10_11.exe Excluded: 
Sources: Selected: D:\Sem_2\OOP\Laburi\Lab_10_11\Lab_10_11 Excluded: App.cpp 
Log Level: Normal
Cover Children: 0
Aggregate by file: 1
Continue after C++ exception: 0
Optimized build support: 0
Export: Binary C:\Users\catal\AppData\Local\Temp\yx5vu00g.pqu 
Input coverage: 
Unified diff: 
Excluded line regular expressions: 
Substitute pdb source paths: 

[2022-04-28 01:42:36] [info] Module: D:\Sem_2\OOP\Laburi\Lab_10_11\x64\Debug\Lab_10_11.exe is selected because it matches selected pattern: D:\Sem_2\OOP\Laburi\Lab_10_11\x64\Debug\Lab_10_11.exe
[2022-04-28 01:42:36] [info] ----------------------------------------------------
[2022-04-28 01:42:36] [info] Coverage binary generated in file: C:\Users\catal\AppData\Local\Temp\yx5vu00g.pqu
[2022-04-28 01:42:36] [info] ----------------------------------------------------
[2022-04-28 01:42:36] [error] Your program stop with error code: -1073741515
